2020-02-12 21:56:15,048 - error_logger - ERROR - Registration failed.
2020-02-12 21:58:16,393 - error_logger - ERROR - Registration failed.
2020-02-12 22:00:35,675 - error_logger - ERROR - Registration failed.
2020-02-12 22:01:04,975 - error_logger - ERROR - Registration failed.
2020-02-12 22:06:33,956 - error_logger - ERROR - Registration failed.
2020-02-12 22:06:59,667 - error_logger - ERROR - Registration failed.
2020-02-12 22:13:21,850 - error_logger - ERROR - Registration failed.
2020-02-13 15:31:27,015 - error_logger - ERROR - Registration failed.
2020-02-13 20:04:55,389 - error_logger - ERROR - Failed registration!
2020-02-13 20:07:11,074 - error_logger - ERROR - Failed login!
2020-02-13 20:07:46,599 - error_logger - ERROR - Failed login!
2020-02-13 20:07:59,932 - error_logger - ERROR - Failed login!
2020-02-13 20:08:24,102 - error_logger - ERROR - Failed login!
2020-02-13 20:08:29,166 - error_logger - ERROR - Failed login!
2020-02-19 10:17:06,850 - error_logger - ERROR - Guest couldn't be created!
2020-02-19 10:17:36,443 - error_logger - ERROR - Guest couldn't be created!
2020-02-19 10:18:03,851 - error_logger - ERROR - Guest couldn't be created!
2020-02-19 10:18:22,817 - error_logger - ERROR - Guest couldn't be created!
2020-02-19 10:19:34,666 - error_logger - ERROR - Guest couldn't be created!
2020-02-24 15:37:54,956 - error_logger - ERROR - Failed registration!
2020-02-24 15:40:11,961 - error_logger - ERROR - Failed registration!
2020-02-24 15:41:47,777 - error_logger - ERROR - Failed registration!
2020-02-24 15:42:19,827 - error_logger - ERROR - Failed registration!
2020-02-24 15:43:17,933 - error_logger - ERROR - Failed registration!
2020-02-24 15:50:33,006 - error_logger - ERROR - Failed registration!
2020-02-25 10:07:02,594 - error_logger - ERROR - Failed registration!
2020-02-29 19:00:40,461 - error_logger - ERROR - Guest couldn't be created!
2020-02-29 19:02:37,891 - error_logger - ERROR - Guest couldn't be created!
2020-03-04 16:38:46,054 - error_logger - ERROR - Failed registration!
2020-03-04 16:38:51,185 - error_logger - ERROR - Failed registration!
2020-03-04 16:41:57,580 - error_logger - ERROR - Failed registration!
2020-03-04 16:42:38,691 - error_logger - ERROR - Failed registration!
2020-03-04 16:43:22,334 - error_logger - ERROR - Failed registration!
2020-03-04 16:43:28,779 - error_logger - ERROR - Failed registration!
2020-03-07 21:51:15,629 - error_logger - ERROR - Failed registration!
2020-03-07 21:51:53,697 - error_logger - ERROR - Failed registration!
2020-03-07 21:52:14,610 - error_logger - ERROR - Failed registration!
2020-03-07 21:52:24,504 - error_logger - ERROR - Failed registration!
2020-03-07 21:52:53,214 - error_logger - ERROR - Failed registration!
2020-03-07 21:53:01,307 - error_logger - ERROR - Failed registration!
2020-03-07 21:53:20,032 - error_logger - ERROR - Failed registration!
2020-03-07 21:54:59,729 - error_logger - ERROR - Failed registration!
2020-03-07 21:55:49,479 - error_logger - ERROR - Failed registration!
2020-03-07 21:55:55,718 - error_logger - ERROR - Failed registration!
2020-03-08 09:38:58,877 - error_logger - ERROR - Guest couldn't be created!
2020-03-08 09:39:47,953 - error_logger - ERROR - Staff couldn't be created!
2020-03-08 09:41:33,835 - error_logger - ERROR - Staff couldn't be created!
2020-03-08 09:44:12,796 - error_logger - ERROR - Staff couldn't be created!
2020-03-08 09:59:02,555 - error_logger - ERROR - Guest couldn't be created!
2020-03-08 10:23:01,000 - error_logger - ERROR - Guest couldn't be created!
2020-03-08 14:07:08,156 - error_logger - ERROR - Failed registration!
2020-03-08 14:07:24,931 - error_logger - ERROR - Failed registration!
2020-03-08 14:08:23,532 - error_logger - ERROR - Failed profile update!
2020-03-08 14:08:41,808 - error_logger - ERROR - Failed profile update!
2020-03-08 14:09:04,536 - error_logger - ERROR - Failed profile update!
2020-03-08 14:13:41,099 - error_logger - ERROR - Failed profile update!
2020-03-08 14:22:24,412 - error_logger - ERROR - Failed profile update!
2020-03-08 14:22:33,372 - error_logger - ERROR - Failed profile update!
2020-03-08 14:31:02,536 - error_logger - ERROR - Failed profile update!
2020-03-08 14:31:25,403 - error_logger - ERROR - Failed profile update!
2020-03-09 18:32:19,958 - error_logger - ERROR - Failed login!
