2020-02-12 22:01:10,029 - info_logger - INFO - ogi1 registered successfully
2020-02-12 22:01:34,389 - info_logger - INFO - ogi2 registered successfully
2020-02-12 22:03:12,798 - info_logger - INFO - ogi4 registered successfully
2020-02-12 22:04:55,396 - info_logger - INFO - ogi5 registered successfully
2020-02-12 22:07:04,912 - info_logger - INFO - ogi10 registered successfully
2020-02-12 22:09:06,037 - info_logger - INFO - qwer registered successfully
2020-02-12 22:10:18,984 - info_logger - INFO - qwertyu registered successfully
2020-02-13 19:33:41,378 - info_logger - INFO - ogi3 registered successfully
2020-02-13 19:35:12,289 - info_logger - INFO - ogi1 registered successfully
2020-02-13 19:38:33,803 - info_logger - INFO - ogi2 registered successfully
2020-02-13 19:42:42,725 - info_logger - INFO - qwer registered successfully
2020-02-13 19:43:02,570 - info_logger - INFO - ognian.baruh registered successfully
2020-02-13 20:07:48,991 - info_logger - INFO - ogi1 logined in successfully
2020-02-13 20:08:33,775 - info_logger - INFO - ogi1 logined in successfully
2020-02-19 10:19:36,500 - info_logger - INFO - Guest successfully created.
2020-02-19 10:19:37,759 - info_logger - INFO - Guest successfully created.
2020-02-24 15:12:56,754 - info_logger - INFO - ogi1 registered successfully
2020-02-24 15:42:26,481 - info_logger - INFO - ogi6 registered successfully
2020-02-24 16:14:04,224 - info_logger - INFO - ogi1 registered successfully
2020-02-25 10:06:29,427 - info_logger - INFO - ogi1 registered successfully
2020-02-25 10:07:07,519 - info_logger - INFO - ogi2 registered successfully
2020-02-25 10:08:01,515 - info_logger - INFO - ogi3 registered successfully
2020-02-29 18:57:58,226 - info_logger - INFO - ogi1 registered successfully
2020-02-29 19:03:43,724 - info_logger - INFO - ogi1 registered successfully
2020-02-29 19:04:16,161 - info_logger - INFO - Guest successfully created.
2020-03-04 16:42:04,643 - info_logger - INFO - ogi1 registered successfully
2020-03-04 16:58:06,161 - info_logger - INFO - Guest successfully created.
2020-03-07 13:31:58,595 - info_logger - INFO - ogi1 logined in successfully
2020-03-07 22:32:54,876 - info_logger - INFO - ogi1 logined in successfully
2020-03-07 22:34:48,133 - info_logger - INFO - None logged out successfully
2020-03-07 22:34:54,658 - info_logger - INFO - ogi1 logined in successfully
2020-03-07 22:34:56,582 - info_logger - INFO - ogi1 logged out successfully
2020-03-08 09:00:33,465 - info_logger - INFO - ogi1 registered successfully
2020-03-08 09:06:04,446 - info_logger - INFO - ogi1 registered successfully
2020-03-08 09:06:48,143 - info_logger - INFO - ogi1 logged out successfully
2020-03-08 09:27:23,193 - info_logger - INFO - Guest successfully created.
2020-03-08 09:37:01,394 - info_logger - INFO - ogi1 registered successfully
2020-03-08 09:37:22,617 - info_logger - INFO - Guest successfully created.
2020-03-08 09:39:50,570 - info_logger - INFO - Staff successfully created.
2020-03-08 09:59:11,873 - info_logger - INFO - Staff successfully created.
2020-03-08 10:23:06,512 - info_logger - INFO - Guest successfully created.
2020-03-08 10:23:24,257 - info_logger - INFO - Staff successfully created.
2020-03-08 12:23:40,862 - info_logger - INFO - Guest successfully created.
2020-03-08 12:24:05,186 - info_logger - INFO - Guest successfully created.
2020-03-08 12:24:31,338 - info_logger - INFO - Guest successfully created.
2020-03-08 12:26:02,577 - info_logger - INFO - Guest successfully created.
2020-03-08 13:32:22,695 - info_logger - INFO - ogi1 logined in successfully
2020-03-08 13:32:30,394 - info_logger - INFO - ogi1 logged out successfully
2020-03-08 13:32:47,059 - info_logger - INFO - ogi1 logined in successfully
2020-03-08 14:04:31,196 - info_logger - INFO - ogi1 logined in successfully
2020-03-08 14:05:05,915 - info_logger - INFO - ogi1 logined in successfully
2020-03-08 14:05:42,561 - info_logger - INFO - ogi1 logined in successfully
2020-03-08 14:06:53,095 - info_logger - INFO - ogi1 logined in successfully
2020-03-08 14:07:30,296 - info_logger - INFO - ogi1 logined in successfully
2020-03-08 14:08:15,367 - info_logger - INFO - ogi1 logined in successfully
2020-03-08 14:13:32,040 - info_logger - INFO - ogi1 logined in successfully
2020-03-08 14:22:15,609 - info_logger - INFO - ogi1 logined in successfully
2020-03-08 14:30:53,938 - info_logger - INFO - ogi1 logined in successfully
2020-03-08 14:38:31,373 - info_logger - INFO - ogi1 logined in successfully
2020-03-08 14:39:06,956 - info_logger - INFO - ogi1 logined in successfully
2020-03-08 14:40:51,077 - info_logger - INFO - ogi1 logined in successfully
2020-03-08 14:50:35,259 - info_logger - INFO - ogi1 logined in successfully
2020-03-09 07:16:51,911 - info_logger - INFO - ogi1 logined in successfully
2020-03-09 07:17:13,102 - info_logger - INFO - ogi1 logined in successfully
2020-03-09 07:17:31,052 - info_logger - INFO - ogi1 logined in successfully
2020-03-09 07:18:10,424 - info_logger - INFO - Guest successfully created.
2020-03-09 07:18:40,482 - info_logger - INFO - Staff successfully created.
2020-03-09 07:45:00,341 - info_logger - INFO - ogi1 logined in successfully
2020-03-09 07:47:04,403 - info_logger - INFO - ogi1 logined in successfully
2020-03-09 07:47:56,177 - info_logger - INFO - Staff successfully created.
2020-03-09 18:16:50,397 - info_logger - INFO - ogi1 logined in successfully
2020-03-09 18:32:29,578 - info_logger - INFO - ogi1 logined in successfully
2020-03-09 18:32:52,181 - info_logger - INFO - ogi1 logged out successfully
